<?xml version="1.0" encoding="UTF-8"?>
<!-- Generated by org.testng.reporters.JUnitXMLReporter -->
<testsuite ignored="0" hostname="DESKTOP-3TTORD3" failures="0" tests="10" name="AllTests" time="0.074" errors="0" timestamp="2026-03-17T19:29:03 WIB">
  <testcase classname="com.juaracoding.DivisiTest" name="testDivisiBaruKosong" time="0.005"/>
  <testcase classname="com.juaracoding.DivisiTest" name="testTambahSatuKaryawan" time="0.001"/>
  <testcase classname="com.juaracoding.DivisiTest" name="testTambahBeberapaKaryawan" time="0.001"/>
  <testcase classname="com.juaracoding.DivisiTest" name="testTambahKaryawanNull" time="0.0"/>
  <testcase classname="com.juaracoding.HRSystemTest" name="testSistemLengkap" time="0.0"/>
  <testcase classname="com.juaracoding.KaryawanTest" name="testHitungGajiTotalManager" time="0.0"/>
  <testcase classname="com.juaracoding.KaryawanTest" name="testHitungGajiTotalStaff" time="0.001"/>
  <testcase classname="com.juaracoding.KaryawanTest" name="testHitungGajiTotalLainnya" time="0.0"/>
  <testcase classname="com.juaracoding.KaryawanTest" name="testUpdateGajiPersentasePositif" time="0.0"/>
  <testcase classname="com.juaracoding.KaryawanTest" name="testUpdateGajiPersentaseNol" time="0.0"/>
</testsuite> <!-- AllTests -->
