<?xml version="1.0" encoding="UTF-8"?>
<testsuite xmlns:xsi="http://www.w3.org/2001/XMLSchema-instance" xsi:noNamespaceSchemaLocation="https://maven.apache.org/surefire/maven-surefire-plugin/xsd/surefire-test-report-3.0.xsd" version="3.0" name="TestSuite" time="0.632" tests="10" errors="0" skipped="0" failures="0">
  <properties>
[...]
</properties>
  <testcase name="testDivisiBaruKosong" classname="com.juaracoding.DivisiTest" time="0.004">
    <system-err><![CDATA[SLF4J: Failed to load class "org.slf4j.impl.StaticLoggerBinder".
SLF4J: Defaulting to no-operation (NOP) logger implementation
SLF4J: See http://www.slf4j.org/codes.html#StaticLoggerBinder for further details.
]]></system-err>
  </testcase>
  <testcase name="testTambahSatuKaryawan" classname="com.juaracoding.DivisiTest" time="0.001"/>
  <testcase name="testTambahBeberapaKaryawan" classname="com.juaracoding.DivisiTest" time="0.001"/>
  <testcase name="testTambahKaryawanNull" classname="com.juaracoding.DivisiTest" time="0.001"/>
  <testcase name="testSistemLengkap" classname="com.juaracoding.HRSystemTest" time="0.001"/>
  <testcase name="testHitungGajiTotalManager" classname="com.juaracoding.KaryawanTest" time="0"/>
  <testcase name="testHitungGajiTotalStaff" classname="com.juaracoding.KaryawanTest" time="0"/>
  <testcase name="testHitungGajiTotalLainnya" classname="com.juaracoding.KaryawanTest" time="0.001"/>
  <testcase name="testUpdateGajiPersentasePositif" classname="com.juaracoding.KaryawanTest" time="0"/>
  <testcase name="testUpdateGajiPersentaseNol" classname="com.juaracoding.KaryawanTest" time="0"/>
</testsuite>