<?xml version="1.0" encoding="UTF-8"?>
<!-- Generated by org.testng.reporters.JUnitReportReporter -->
<testsuite hostname="DESKTOP-3TTORD3" failures="0" tests="4" name="com.juaracoding.DivisiTest" time="0.010" errors="0" timestamp="2026-03-16T08:58:55 WIB" skipped="0">
  <testcase classname="com.juaracoding.DivisiTest" name="testDivisiBaruKosong" time="0.008"/>
  <testcase classname="com.juaracoding.DivisiTest" name="testTambahSatuKaryawan" time="0.001"/>
  <testcase classname="com.juaracoding.DivisiTest" name="testTambahBeberapaKaryawan" time="0.001"/>
  <testcase classname="com.juaracoding.DivisiTest" name="testTambahKaryawanNull" time="0.000"/>
</testsuite> <!-- com.juaracoding.DivisiTest -->
