<?xml version="1.0" encoding="UTF-8"?>
<!-- Generated by org.testng.reporters.JUnitReportReporter -->
<testsuite hostname="DESKTOP-3TTORD3" failures="0" tests="5" name="com.juaracoding.KaryawanTest" time="0.002" errors="0" timestamp="2026-03-16T08:58:55 WIB" skipped="0">
  <testcase classname="com.juaracoding.KaryawanTest" name="testHitungGajiTotalManager" time="0.000"/>
  <testcase classname="com.juaracoding.KaryawanTest" name="testHitungGajiTotalStaff" time="0.000"/>
  <testcase classname="com.juaracoding.KaryawanTest" name="testHitungGajiTotalLainnya" time="0.001"/>
  <testcase classname="com.juaracoding.KaryawanTest" name="testUpdateGajiPersentasePositif" time="0.001"/>
  <testcase classname="com.juaracoding.KaryawanTest" name="testUpdateGajiPersentaseNol" time="0.000"/>
</testsuite> <!-- com.juaracoding.KaryawanTest -->
